<html>
<head>
<title>TestNG:  Test1</title>
<link href="../testng.css" rel="stylesheet" type="text/css" />
<link href="../my-testng.css" rel="stylesheet" type="text/css" />

<style type="text/css">
.log { display: none;} 
.stack-trace { display: none;} 
</style>
<script type="text/javascript">
<!--
function flip(e) {
  current = e.style.display;
  if (current == 'block') {
    e.style.display = 'none';
    return 0;
  }
  else {
    e.style.display = 'block';
    return 1;
  }
}

function toggleBox(szDivId, elem, msg1, msg2)
{
  var res = -1;  if (document.getElementById) {
    res = flip(document.getElementById(szDivId));
  }
  else if (document.all) {
    // this is the way old msie versions work
    res = flip(document.all[szDivId]);
  }
  if(elem) {
    if(res == 0) elem.innerHTML = msg1; else elem.innerHTML = msg2;
  }

}

function toggleAllBoxes() {
  if (document.getElementsByTagName) {
    d = document.getElementsByTagName('div');
    for (i = 0; i < d.length; i++) {
      if (d[i].className == 'log') {
        flip(d[i]);
      }
    }
  }
}

// -->
</script>

</head>
<body>
<h2 align='center'>Test1</h2><table border='1' align="center">
<tr>
<td>Tests passed/Failed/Skipped:</td><td>6/2/0</td>
</tr><tr>
<td>Started on:</td><td>Sun Mar 26 16:35:21 EDT 2017</td>
</tr>
<tr><td>Total time:</td><td>116 seconds (116450 ms)</td>
</tr><tr>
<td>Included groups:</td><td></td>
</tr><tr>
<td>Excluded groups:</td><td></td>
</tr>
</table><p/>
<small><i>(Hover the method name to see the test class name)</i></small><p/>
<table width='100%' border='1' class='invocation-failed'>
<tr><td colspan='4' align='center'><b>FAILED TESTS</b></td></tr>
<tr><td><b>Test method</b></td>
<td width="30%"><b>Exception</b></td>
<td width="10%"><b>Time (seconds)</b></td>
<td><b>Instance</b></td>
</tr>
<tr>
<td title='TestNGSelenium.SeleniumTestNG.Tests.TestNG_Grouping.BMW3Series()'><b>BMW3Series</b><br>Test class: TestNGSelenium.SeleniumTestNG.Tests.TestNG_Grouping</td>
<td><div><pre>junit.framework.AssertionFailedError: expected:&lt;true&gt; but was:&lt;false&gt;
	at junit.framework.Assert.fail(Assert.java:57)
	at junit.framework.Assert.failNotEquals(Assert.java:329)
	at junit.framework.Assert.assertEquals(Assert.java:78)
	at junit.framework.Assert.assertEquals(Assert.java:174)
	at junit.framework.Assert.assertEquals(Assert.java:181)
	at TestNGSelenium.SeleniumTestNG.Tests.TestNG_Grouping.BMW3Series(TestNG_Grouping.java:34)
	at java.util.concurrent.FutureTask.run(Unknown Source)
	at java.util.concurrent.ThreadPoolExecutor.runWorker(Unknown Source)
	at java.util.concurrent.ThreadPoolExecutor$Worker.run(Unknown Source)
	at java.lang.Thread.run(Unknown Source)
... Removed 16 stack frames</pre></div><a href='#' onClick='toggleBox("stack-trace647741089", this, "Click to show all stack frames", "Click to hide stack frames")'>Click to show all stack frames</a>
<div class='stack-trace' id='stack-trace647741089'><pre>junit.framework.AssertionFailedError: expected:&lt;true&gt; but was:&lt;false&gt;
	at junit.framework.Assert.fail(Assert.java:57)
	at junit.framework.Assert.failNotEquals(Assert.java:329)
	at junit.framework.Assert.assertEquals(Assert.java:78)
	at junit.framework.Assert.assertEquals(Assert.java:174)
	at junit.framework.Assert.assertEquals(Assert.java:181)
	at TestNGSelenium.SeleniumTestNG.Tests.TestNG_Grouping.BMW3Series(TestNG_Grouping.java:34)
	at sun.reflect.NativeMethodAccessorImpl.invoke0(Native Method)
	at sun.reflect.NativeMethodAccessorImpl.invoke(Unknown Source)
	at sun.reflect.DelegatingMethodAccessorImpl.invoke(Unknown Source)
	at java.lang.reflect.Method.invoke(Unknown Source)
	at org.testng.internal.MethodInvocationHelper.invokeMethod(MethodInvocationHelper.java:85)
	at org.testng.internal.Invoker.invokeMethod(Invoker.java:639)
	at org.testng.internal.Invoker.invokeTestMethod(Invoker.java:816)
	at org.testng.internal.Invoker.invokeTestMethods(Invoker.java:1124)
	at org.testng.internal.TestMethodWorker.invokeTestMethods(TestMethodWorker.java:125)
	at org.testng.internal.TestMethodWorker.run(TestMethodWorker.java:108)
	at org.testng.TestRunner.privateRun(TestRunner.java:774)
	at org.testng.TestRunner.run(TestRunner.java:624)
	at org.testng.SuiteRunner.runTest(SuiteRunner.java:359)
	at org.testng.SuiteRunner.access$000(SuiteRunner.java:39)
	at org.testng.SuiteRunner$SuiteWorker.run(SuiteRunner.java:393)
	at org.testng.internal.thread.ThreadUtil$2.call(ThreadUtil.java:64)
	at java.util.concurrent.FutureTask.run(Unknown Source)
	at java.util.concurrent.ThreadPoolExecutor.runWorker(Unknown Source)
	at java.util.concurrent.ThreadPoolExecutor$Worker.run(Unknown Source)
	at java.lang.Thread.run(Unknown Source)
</pre></div></td>
<td>0</td>
<td>TestNGSelenium.SeleniumTestNG.Tests.TestNG_Grouping@e45f292</td></tr>
<tr>
<td title='TestNGSelenium.SeleniumTestNG.Tests.Test5.testSteps()'><b>testSteps</b><br>Test class: TestNGSelenium.SeleniumTestNG.Tests.Test5<br>Parameters: {LoginId=madhuratest@gmail.com, SearchCategory=Test2, Quantity=Test2, Tags =Test2, Password=passw0rd, Browser=IE;FF;CE}</td>
<td><div><pre>org.openqa.selenium.NoSuchElementException: Unable to locate element: //a[@class=&apos;accoun&apos;]
For documentation on this error, please visit: http://seleniumhq.org/exceptions/no_such_element.html
Build info: version: &apos;3.0.1&apos;, revision: &apos;1969d75&apos;, time: &apos;2016-10-18 09:49:13 -0700&apos;
System info: host: &apos;Vayuputhra&apos;, ip: &apos;192.168.105.2&apos;, os.name: &apos;Windows 8&apos;, os.arch: &apos;amd64&apos;, os.version: &apos;6.2&apos;, java.version: &apos;1.8.0_121&apos;
Driver info: org.openqa.selenium.firefox.FirefoxDriver
Capabilities [{moz:profile=C:\Users\PRITHV~1\AppData\Local\Temp\rust_mozprofile.KuxmHIo1U43N, rotatable=false, timeouts={implicit=0, page load=300000, script=30000}, pageLoadStrategy=normal, platform=ANY, specificationLevel=0, moz:accessibilityChecks=false, acceptInsecureCerts=false, browserVersion=52.0.1, platformVersion=6.2, moz:processID=3188, browserName=firefox, platformName=windows_nt}]
Session ID: 95c0b2f7-1e08-45fb-a3ac-177493789924
*** Element info: {Using=xpath, value=//a[@class=&apos;accoun&apos;]}
	at org.openqa.selenium.remote.http.W3CHttpResponseCodec.createException(W3CHttpResponseCodec.java:127)
	at org.openqa.selenium.remote.http.W3CHttpResponseCodec.decode(W3CHttpResponseCodec.java:93)
	at org.openqa.selenium.remote.http.W3CHttpResponseCodec.decode(W3CHttpResponseCodec.java:42)
	at org.openqa.selenium.remote.HttpCommandExecutor.execute(HttpCommandExecutor.java:163)
	at org.openqa.selenium.remote.service.DriverCommandExecutor.execute(DriverCommandExecutor.java:82)
	at org.openqa.selenium.remote.RemoteWebDriver.execute(RemoteWebDriver.java:601)
	at org.openqa.selenium.remote.RemoteWebDriver.findElement(RemoteWebDriver.java:368)
	at org.openqa.selenium.remote.RemoteWebDriver.findElementByXPath(RemoteWebDriver.java:473)
	at org.openqa.selenium.By$ByXPath.findElement(By.java:361)
	at org.openqa.selenium.remote.RemoteWebDriver.findElement(RemoteWebDriver.java:360)
	at TestNGSelenium.SeleniumTestNG.Tests.Test5.testSteps(Test5.java:38)
	at java.util.concurrent.FutureTask.run(Unknown Source)
	at java.util.concurrent.ThreadPoolExecutor.runWorker(Unknown Source)
	at java.util.concurrent.ThreadPoolExecutor$Worker.run(Unknown Source)
	at java.lang.Thread.run(Unknown Source)
... Removed 20 stack frames</pre></div><a href='#' onClick='toggleBox("stack-trace112285439", this, "Click to show all stack frames", "Click to hide stack frames")'>Click to show all stack frames</a>
<div class='stack-trace' id='stack-trace112285439'><pre>org.openqa.selenium.NoSuchElementException: Unable to locate element: //a[@class=&apos;accoun&apos;]
For documentation on this error, please visit: http://seleniumhq.org/exceptions/no_such_element.html
Build info: version: &apos;3.0.1&apos;, revision: &apos;1969d75&apos;, time: &apos;2016-10-18 09:49:13 -0700&apos;
System info: host: &apos;Vayuputhra&apos;, ip: &apos;192.168.105.2&apos;, os.name: &apos;Windows 8&apos;, os.arch: &apos;amd64&apos;, os.version: &apos;6.2&apos;, java.version: &apos;1.8.0_121&apos;
Driver info: org.openqa.selenium.firefox.FirefoxDriver
Capabilities [{moz:profile=C:\Users\PRITHV~1\AppData\Local\Temp\rust_mozprofile.KuxmHIo1U43N, rotatable=false, timeouts={implicit=0, page load=300000, script=30000}, pageLoadStrategy=normal, platform=ANY, specificationLevel=0, moz:accessibilityChecks=false, acceptInsecureCerts=false, browserVersion=52.0.1, platformVersion=6.2, moz:processID=3188, browserName=firefox, platformName=windows_nt}]
Session ID: 95c0b2f7-1e08-45fb-a3ac-177493789924
*** Element info: {Using=xpath, value=//a[@class=&apos;accoun&apos;]}
	at sun.reflect.NativeConstructorAccessorImpl.newInstance0(Native Method)
	at sun.reflect.NativeConstructorAccessorImpl.newInstance(Unknown Source)
	at sun.reflect.DelegatingConstructorAccessorImpl.newInstance(Unknown Source)
	at java.lang.reflect.Constructor.newInstance(Unknown Source)
	at org.openqa.selenium.remote.http.W3CHttpResponseCodec.createException(W3CHttpResponseCodec.java:127)
	at org.openqa.selenium.remote.http.W3CHttpResponseCodec.decode(W3CHttpResponseCodec.java:93)
	at org.openqa.selenium.remote.http.W3CHttpResponseCodec.decode(W3CHttpResponseCodec.java:42)
	at org.openqa.selenium.remote.HttpCommandExecutor.execute(HttpCommandExecutor.java:163)
	at org.openqa.selenium.remote.service.DriverCommandExecutor.execute(DriverCommandExecutor.java:82)
	at org.openqa.selenium.remote.RemoteWebDriver.execute(RemoteWebDriver.java:601)
	at org.openqa.selenium.remote.RemoteWebDriver.findElement(RemoteWebDriver.java:368)
	at org.openqa.selenium.remote.RemoteWebDriver.findElementByXPath(RemoteWebDriver.java:473)
	at org.openqa.selenium.By$ByXPath.findElement(By.java:361)
	at org.openqa.selenium.remote.RemoteWebDriver.findElement(RemoteWebDriver.java:360)
	at TestNGSelenium.SeleniumTestNG.Tests.Test5.testSteps(Test5.java:38)
	at sun.reflect.NativeMethodAccessorImpl.invoke0(Native Method)
	at sun.reflect.NativeMethodAccessorImpl.invoke(Unknown Source)
	at sun.reflect.DelegatingMethodAccessorImpl.invoke(Unknown Source)
	at java.lang.reflect.Method.invoke(Unknown Source)
	at org.testng.internal.MethodInvocationHelper.invokeMethod(MethodInvocationHelper.java:85)
	at org.testng.internal.Invoker.invokeMethod(Invoker.java:639)
	at org.testng.internal.Invoker.invokeTestMethod(Invoker.java:816)
	at org.testng.internal.Invoker.invokeTestMethods(Invoker.java:1124)
	at org.testng.internal.TestMethodWorker.invokeTestMethods(TestMethodWorker.java:125)
	at org.testng.internal.TestMethodWorker.run(TestMethodWorker.java:108)
	at org.testng.TestRunner.privateRun(TestRunner.java:774)
	at org.testng.TestRunner.run(TestRunner.java:624)
	at org.testng.SuiteRunner.runTest(SuiteRunner.java:359)
	at org.testng.SuiteRunner.access$000(SuiteRunner.java:39)
	at org.testng.SuiteRunner$SuiteWorker.run(SuiteRunner.java:393)
	at org.testng.internal.thread.ThreadUtil$2.call(ThreadUtil.java:64)
	at java.util.concurrent.FutureTask.run(Unknown Source)
	at java.util.concurrent.ThreadPoolExecutor.runWorker(Unknown Source)
	at java.util.concurrent.ThreadPoolExecutor$Worker.run(Unknown Source)
	at java.lang.Thread.run(Unknown Source)
</pre></div></td>
<td>37</td>
<td>TestNGSelenium.SeleniumTestNG.Tests.Test5@31a5c39e</td></tr>
</table><p>
<table width='100%' border='1' class='invocation-passed'>
<tr><td colspan='4' align='center'><b>PASSED TESTS</b></td></tr>
<tr><td><b>Test method</b></td>
<td width="30%"><b>Exception</b></td>
<td width="10%"><b>Time (seconds)</b></td>
<td><b>Instance</b></td>
</tr>
<tr>
<td title='TestNGSelenium.SeleniumTestNG.Tests.TestNG_Grouping.AudiA6()'><b>AudiA6</b><br>Test class: TestNGSelenium.SeleniumTestNG.Tests.TestNG_Grouping<br/>
<a href="#Output-1013583139" onClick='toggleBox("Output-1013583139", this, "Show output", "Hide output");'>Show output</a>

<a href="#Output-1013583139" onClick="toggleAllBoxes();">Show all outputs</a>
<div class='log' id="Output-1013583139">
Reporting from Audi A6 class<br/>
</div>
</td>
<td></td>
<td>0</td>
<td>TestNGSelenium.SeleniumTestNG.Tests.TestNG_Grouping@e45f292</td></tr>
<tr>
<td title='TestNGSelenium.SeleniumTestNG.Tests.TestNG_Grouping.BMWX3()'><b>BMWX3</b><br>Test class: TestNGSelenium.SeleniumTestNG.Tests.TestNG_Grouping<br/>
<a href="#Output-877152295" onClick='toggleBox("Output-877152295", this, "Show output", "Hide output");'>Show output</a>

<a href="#Output-877152295" onClick="toggleAllBoxes();">Show all outputs</a>
<div class='log' id="Output-877152295">
Reporting from BMW class<br/>
</div>
</td>
<td></td>
<td>0</td>
<td>TestNGSelenium.SeleniumTestNG.Tests.TestNG_Grouping@e45f292</td></tr>
<tr>
<td title='TestNGSelenium.SeleniumTestNG.Tests.TestNG_Grouping.HondaAccord()'><b>HondaAccord</b><br>Test class: TestNGSelenium.SeleniumTestNG.Tests.TestNG_Grouping<br/>
<a href="#Output-701928484" onClick='toggleBox("Output-701928484", this, "Show output", "Hide output");'>Show output</a>

<a href="#Output-701928484" onClick="toggleAllBoxes();">Show all outputs</a>
<div class='log' id="Output-701928484">
Reporting from Honda class<br/>
</div>
</td>
<td></td>
<td>0</td>
<td>TestNGSelenium.SeleniumTestNG.Tests.TestNG_Grouping@e45f292</td></tr>
<tr>
<td title='TestNGSelenium.SeleniumTestNG.Tests.Test2.testSteps()'><b>testSteps</b><br>Test class: TestNGSelenium.SeleniumTestNG.Tests.Test2<br>Parameters: {LoginId=madhuratest@gmail.com, SearchCategory=Test2, Quantity=Test2, Tags =Test2, Password=passw0rd, Browser=IE;FF;CE}</td>
<td></td>
<td>8</td>
<td>TestNGSelenium.SeleniumTestNG.Tests.Test2@5bcab519</td></tr>
<tr>
<td title='TestNGSelenium.SeleniumTestNG.Tests.Test4.testSteps()'><b>testSteps</b><br>Test class: TestNGSelenium.SeleniumTestNG.Tests.Test4<br>Parameters: {LoginId=madhuratest@gmail.com, SearchCategory=Test2, Quantity=Test2, Tags =Test2, Password=passw0rd, Browser=IE;FF;CE}</td>
<td></td>
<td>7</td>
<td>TestNGSelenium.SeleniumTestNG.Tests.Test4@5f2108b5</td></tr>
<tr>
<td title='TestNGSelenium.SeleniumTestNG.Tests.Test1.testSteps()'><b>testSteps</b><br>Test class: TestNGSelenium.SeleniumTestNG.Tests.Test1<br>Parameters: {LoginId=prithvitest@gmail.com, SearchCategory=Test1, Quantity=Test1, Tags =Test1, Password=passw0rd, Browser=IE;FF}</td>
<td></td>
<td>7</td>
<td>TestNGSelenium.SeleniumTestNG.Tests.Test1@3f49dace</td></tr>
</table><p>
</body>
</html>