<?xml version="1.0" encoding="UTF-8"?>
<testng-results skipped="0" failed="2" total="13" passed="11">
  <reporter-output>
    <line>
      <![CDATA[Reporting from Audi A6 class]]>
    </line>
    <line>
      <![CDATA[Reporting from BMW class]]>
    </line>
    <line>
      <![CDATA[Reporting from Honda class]]>
    </line>
  </reporter-output>
  <suite name="Suite" duration-ms="133769" started-at="2017-02-25T20:46:36Z" finished-at="2017-02-25T20:48:49Z">
    <groups>
      <group name="SUV">
        <method signature="TestNG_Grouping.BMWX3()[pri:0, instance:TestNGSelenium.SeleniumTestNG.Tests.TestNG_Grouping@2c9f9fb0]" name="BMWX3" class="TestNGSelenium.SeleniumTestNG.Tests.TestNG_Grouping"/>
      </group> <!-- SUV -->
      <group name="Audi">
        <method signature="TestNG_Grouping.AudiA6()[pri:0, instance:TestNGSelenium.SeleniumTestNG.Tests.TestNG_Grouping@2c9f9fb0]" name="AudiA6" class="TestNGSelenium.SeleniumTestNG.Tests.TestNG_Grouping"/>
      </group> <!-- Audi -->
      <group name="Regression">
        <method signature="Test1.testSteps(java.util.Map)[pri:0, instance:TestNGSelenium.SeleniumTestNG.Tests.Test1@234bef66]" name="testSteps" class="TestNGSelenium.SeleniumTestNG.Tests.Test1"/>
        <method signature="Test2.testSteps(java.util.Map)[pri:0, instance:TestNGSelenium.SeleniumTestNG.Tests.Test2@735b478]" name="testSteps" class="TestNGSelenium.SeleniumTestNG.Tests.Test2"/>
        <method signature="Test4.testSteps(java.util.Map)[pri:0, instance:TestNGSelenium.SeleniumTestNG.Tests.Test4@2096442d]" name="testSteps" class="TestNGSelenium.SeleniumTestNG.Tests.Test4"/>
        <method signature="Test5.testSteps(java.util.Map)[pri:0, instance:TestNGSelenium.SeleniumTestNG.Tests.Test5@9f70c54]" name="testSteps" class="TestNGSelenium.SeleniumTestNG.Tests.Test5"/>
        <method signature="Test6.testSteps(java.util.Map)[pri:0, instance:TestNGSelenium.SeleniumTestNG.Tests.Test6@6574b225]" name="testSteps" class="TestNGSelenium.SeleniumTestNG.Tests.Test6"/>
        <method signature="Test7.testSteps(java.util.Map)[pri:0, instance:TestNGSelenium.SeleniumTestNG.Tests.Test7@2669b199]" name="testSteps" class="TestNGSelenium.SeleniumTestNG.Tests.Test7"/>
        <method signature="Test10.testSteps(java.util.Map)[pri:0, instance:TestNGSelenium.SeleniumTestNG.Tests.Test10@66d2e7d9]" name="testSteps" class="TestNGSelenium.SeleniumTestNG.Tests.Test10"/>
        <method signature="Test8.testSteps(java.util.Map)[pri:0, instance:TestNGSelenium.SeleniumTestNG.Tests.Test8@6d8a00e3]" name="testSteps" class="TestNGSelenium.SeleniumTestNG.Tests.Test8"/>
        <method signature="Test9.testSteps(java.util.Map)[pri:0, instance:TestNGSelenium.SeleniumTestNG.Tests.Test9@5ae9a829]" name="testSteps" class="TestNGSelenium.SeleniumTestNG.Tests.Test9"/>
      </group> <!-- Regression -->
      <group name="BMW">
        <method signature="TestNG_Grouping.BMW3Series()[pri:0, instance:TestNGSelenium.SeleniumTestNG.Tests.TestNG_Grouping@2c9f9fb0]" name="BMW3Series" class="TestNGSelenium.SeleniumTestNG.Tests.TestNG_Grouping"/>
        <method signature="TestNG_Grouping.BMWX3()[pri:0, instance:TestNGSelenium.SeleniumTestNG.Tests.TestNG_Grouping@2c9f9fb0]" name="BMWX3" class="TestNGSelenium.SeleniumTestNG.Tests.TestNG_Grouping"/>
      </group> <!-- BMW -->
      <group name="Sedan">
        <method signature="TestNG_Grouping.BMW3Series()[pri:0, instance:TestNGSelenium.SeleniumTestNG.Tests.TestNG_Grouping@2c9f9fb0]" name="BMW3Series" class="TestNGSelenium.SeleniumTestNG.Tests.TestNG_Grouping"/>
        <method signature="TestNG_Grouping.HondaAccord()[pri:0, instance:TestNGSelenium.SeleniumTestNG.Tests.TestNG_Grouping@2c9f9fb0]" name="HondaAccord" class="TestNGSelenium.SeleniumTestNG.Tests.TestNG_Grouping"/>
      </group> <!-- Sedan -->
      <group name="Honda">
        <method signature="TestNG_Grouping.HondaAccord()[pri:0, instance:TestNGSelenium.SeleniumTestNG.Tests.TestNG_Grouping@2c9f9fb0]" name="HondaAccord" class="TestNGSelenium.SeleniumTestNG.Tests.TestNG_Grouping"/>
      </group> <!-- Honda -->
    </groups>
    <test name="Test5" duration-ms="28789" started-at="2017-02-25T20:46:36Z" finished-at="2017-02-25T20:47:05Z">
      <class name="TestNGSelenium.SeleniumTestNG.Tests.Test10">
        <test-method status="PASS" signature="projectDeclaration(java.lang.String)[pri:0, instance:TestNGSelenium.SeleniumTestNG.Tests.Test10@66d2e7d9]" name="projectDeclaration" is-config="true" duration-ms="15128" started-at="2017-02-25T15:46:36Z" finished-at="2017-02-25T15:46:51Z">
          <params>
            <param index="0">
              <value>
                <![CDATA[FireFox]]>
              </value>
            </param>
          </params>
          <reporter-output>
          </reporter-output>
        </test-method> <!-- projectDeclaration -->
        <test-method status="PASS" signature="testSteps(java.util.Map)[pri:0, instance:TestNGSelenium.SeleniumTestNG.Tests.Test10@66d2e7d9]" name="testSteps" duration-ms="8897" started-at="2017-02-25T15:46:51Z" data-provider="GetExcelInputs" finished-at="2017-02-25T15:47:00Z">
          <params>
            <param index="0">
              <value>
                <![CDATA[{LoginId=madhuratest@gmail.com, SearchCategory=Test2, Quantity=Test2, Tags =Test2, Password=passw0rd, Browser=IE;FF;CE}]]>
              </value>
            </param>
          </params>
          <reporter-output>
          </reporter-output>
        </test-method> <!-- testSteps -->
        <test-method status="PASS" signature="tearDown(org.testng.ITestResult)[pri:0, instance:TestNGSelenium.SeleniumTestNG.Tests.Test10@66d2e7d9]" name="tearDown" is-config="true" duration-ms="4748" started-at="2017-02-25T15:47:00Z" finished-at="2017-02-25T15:47:05Z">
          <params>
            <param index="0">
              <value>
                <![CDATA[[TestResult name=testSteps status=SUCCESS method=Test10.testSteps(java.util.Map)[pri:0, instance:TestNGSelenium.SeleniumTestNG.Tests.Test10@66d2e7d9] output={null}]]]>
              </value>
            </param>
          </params>
          <reporter-output>
          </reporter-output>
        </test-method> <!-- tearDown -->
      </class> <!-- TestNGSelenium.SeleniumTestNG.Tests.Test10 -->
    </test> <!-- Test5 -->
    <test name="Test3" duration-ms="69738" started-at="2017-02-25T20:46:36Z" finished-at="2017-02-25T20:47:45Z">
      <class name="TestNGSelenium.SeleniumTestNG.Tests.Test9">
        <test-method status="PASS" signature="testExcelHelper()[pri:0, instance:TestNGSelenium.SeleniumTestNG.Tests.Test9@5ae9a829]" name="testExcelHelper" is-config="true" duration-ms="2053" started-at="2017-02-25T15:46:34Z" finished-at="2017-02-25T15:46:36Z">
          <reporter-output>
          </reporter-output>
        </test-method> <!-- testExcelHelper -->
        <test-method status="PASS" signature="projectDeclaration(java.lang.String)[pri:0, instance:TestNGSelenium.SeleniumTestNG.Tests.Test9@5ae9a829]" name="projectDeclaration" is-config="true" duration-ms="32693" started-at="2017-02-25T15:46:36Z" finished-at="2017-02-25T15:47:08Z">
          <params>
            <param index="0">
              <value>
                <![CDATA[Chrome]]>
              </value>
            </param>
          </params>
          <reporter-output>
          </reporter-output>
        </test-method> <!-- projectDeclaration -->
        <test-method status="PASS" signature="testSteps(java.util.Map)[pri:0, instance:TestNGSelenium.SeleniumTestNG.Tests.Test9@5ae9a829]" name="testSteps" duration-ms="12504" started-at="2017-02-25T15:47:08Z" data-provider="GetExcelInputs" finished-at="2017-02-25T15:47:21Z">
          <params>
            <param index="0">
              <value>
                <![CDATA[{LoginId=madhuratest@gmail.com, SearchCategory=Test2, Quantity=Test2, Tags =Test2, Password=passw0rd, Browser=IE;FF;CE}]]>
              </value>
            </param>
          </params>
          <reporter-output>
          </reporter-output>
        </test-method> <!-- testSteps -->
        <test-method status="PASS" signature="tearDown(org.testng.ITestResult)[pri:0, instance:TestNGSelenium.SeleniumTestNG.Tests.Test9@5ae9a829]" name="tearDown" is-config="true" duration-ms="1598" started-at="2017-02-25T15:47:21Z" finished-at="2017-02-25T15:47:23Z">
          <params>
            <param index="0">
              <value>
                <![CDATA[[TestResult name=testSteps status=SUCCESS method=Test9.testSteps(java.util.Map)[pri:0, instance:TestNGSelenium.SeleniumTestNG.Tests.Test9@5ae9a829] output={null}]]]>
              </value>
            </param>
          </params>
          <reporter-output>
          </reporter-output>
        </test-method> <!-- tearDown -->
      </class> <!-- TestNGSelenium.SeleniumTestNG.Tests.Test9 -->
      <class name="TestNGSelenium.SeleniumTestNG.Tests.Test8">
        <test-method status="PASS" signature="projectDeclaration(java.lang.String)[pri:0, instance:TestNGSelenium.SeleniumTestNG.Tests.Test8@6d8a00e3]" name="projectDeclaration" is-config="true" duration-ms="9339" started-at="2017-02-25T15:47:23Z" finished-at="2017-02-25T15:47:32Z">
          <params>
            <param index="0">
              <value>
                <![CDATA[Chrome]]>
              </value>
            </param>
          </params>
          <reporter-output>
          </reporter-output>
        </test-method> <!-- projectDeclaration -->
        <test-method status="PASS" signature="testSteps(java.util.Map)[pri:0, instance:TestNGSelenium.SeleniumTestNG.Tests.Test8@6d8a00e3]" name="testSteps" duration-ms="11826" started-at="2017-02-25T15:47:32Z" data-provider="GetExcelInputs" finished-at="2017-02-25T15:47:44Z">
          <params>
            <param index="0">
              <value>
                <![CDATA[{LoginId=madhuratest@gmail.com, SearchCategory=Test2, Quantity=Test2, Tags =Test2, Password=passw0rd, Browser=IE;FF;CE}]]>
              </value>
            </param>
          </params>
          <reporter-output>
          </reporter-output>
        </test-method> <!-- testSteps -->
        <test-method status="PASS" signature="tearDown(org.testng.ITestResult)[pri:0, instance:TestNGSelenium.SeleniumTestNG.Tests.Test8@6d8a00e3]" name="tearDown" is-config="true" duration-ms="1752" started-at="2017-02-25T15:47:44Z" finished-at="2017-02-25T15:47:45Z">
          <params>
            <param index="0">
              <value>
                <![CDATA[[TestResult name=testSteps status=SUCCESS method=Test8.testSteps(java.util.Map)[pri:0, instance:TestNGSelenium.SeleniumTestNG.Tests.Test8@6d8a00e3] output={null}]]]>
              </value>
            </param>
          </params>
          <reporter-output>
          </reporter-output>
        </test-method> <!-- tearDown -->
      </class> <!-- TestNGSelenium.SeleniumTestNG.Tests.Test8 -->
    </test> <!-- Test3 -->
    <test name="Test2" duration-ms="71912" started-at="2017-02-25T20:46:36Z" finished-at="2017-02-25T20:47:48Z">
      <class name="TestNGSelenium.SeleniumTestNG.Tests.Test6">
        <test-method status="PASS" signature="projectDeclaration(java.lang.String)[pri:0, instance:TestNGSelenium.SeleniumTestNG.Tests.Test6@6574b225]" name="projectDeclaration" is-config="true" duration-ms="33937" started-at="2017-02-25T15:46:36Z" finished-at="2017-02-25T15:47:10Z">
          <params>
            <param index="0">
              <value>
                <![CDATA[Chrome]]>
              </value>
            </param>
          </params>
          <reporter-output>
          </reporter-output>
        </test-method> <!-- projectDeclaration -->
        <test-method status="PASS" signature="testSteps(java.util.Map)[pri:0, instance:TestNGSelenium.SeleniumTestNG.Tests.Test6@6574b225]" name="testSteps" duration-ms="11564" started-at="2017-02-25T15:47:10Z" data-provider="GetExcelInputs" finished-at="2017-02-25T15:47:21Z">
          <params>
            <param index="0">
              <value>
                <![CDATA[{LoginId=madhuratest@gmail.com, SearchCategory=Test2, Quantity=Test2, Tags =Test2, Password=passw0rd, Browser=IE;FF;CE}]]>
              </value>
            </param>
          </params>
          <reporter-output>
          </reporter-output>
        </test-method> <!-- testSteps -->
        <test-method status="PASS" signature="tearDown(org.testng.ITestResult)[pri:0, instance:TestNGSelenium.SeleniumTestNG.Tests.Test6@6574b225]" name="tearDown" is-config="true" duration-ms="2396" started-at="2017-02-25T15:47:21Z" finished-at="2017-02-25T15:47:24Z">
          <params>
            <param index="0">
              <value>
                <![CDATA[[TestResult name=testSteps status=SUCCESS method=Test6.testSteps(java.util.Map)[pri:0, instance:TestNGSelenium.SeleniumTestNG.Tests.Test6@6574b225] output={null}]]]>
              </value>
            </param>
          </params>
          <reporter-output>
          </reporter-output>
        </test-method> <!-- tearDown -->
      </class> <!-- TestNGSelenium.SeleniumTestNG.Tests.Test6 -->
      <class name="TestNGSelenium.SeleniumTestNG.Tests.Test7">
        <test-method status="PASS" signature="projectDeclaration(java.lang.String)[pri:0, instance:TestNGSelenium.SeleniumTestNG.Tests.Test7@2669b199]" name="projectDeclaration" is-config="true" duration-ms="11542" started-at="2017-02-25T15:47:24Z" finished-at="2017-02-25T15:47:35Z">
          <params>
            <param index="0">
              <value>
                <![CDATA[Chrome]]>
              </value>
            </param>
          </params>
          <reporter-output>
          </reporter-output>
        </test-method> <!-- projectDeclaration -->
        <test-method status="PASS" signature="testSteps(java.util.Map)[pri:0, instance:TestNGSelenium.SeleniumTestNG.Tests.Test7@2669b199]" name="testSteps" duration-ms="11319" started-at="2017-02-25T15:47:35Z" data-provider="GetExcelInputs" finished-at="2017-02-25T15:47:46Z">
          <params>
            <param index="0">
              <value>
                <![CDATA[{LoginId=madhuratest@gmail.com, SearchCategory=Test2, Quantity=Test2, Tags =Test2, Password=passw0rd, Browser=IE;FF;CE}]]>
              </value>
            </param>
          </params>
          <reporter-output>
          </reporter-output>
        </test-method> <!-- testSteps -->
        <test-method status="PASS" signature="tearDown(org.testng.ITestResult)[pri:0, instance:TestNGSelenium.SeleniumTestNG.Tests.Test7@2669b199]" name="tearDown" is-config="true" duration-ms="1142" started-at="2017-02-25T15:47:46Z" finished-at="2017-02-25T15:47:48Z">
          <params>
            <param index="0">
              <value>
                <![CDATA[[TestResult name=testSteps status=SUCCESS method=Test7.testSteps(java.util.Map)[pri:0, instance:TestNGSelenium.SeleniumTestNG.Tests.Test7@2669b199] output={null}]]]>
              </value>
            </param>
          </params>
          <reporter-output>
          </reporter-output>
        </test-method> <!-- tearDown -->
      </class> <!-- TestNGSelenium.SeleniumTestNG.Tests.Test7 -->
    </test> <!-- Test2 -->
    <test name="Test1" duration-ms="133769" started-at="2017-02-25T20:46:36Z" finished-at="2017-02-25T20:48:49Z">
      <class name="TestNGSelenium.SeleniumTestNG.Tests.Test2">
        <test-method status="PASS" signature="projectDeclaration(java.lang.String)[pri:0, instance:TestNGSelenium.SeleniumTestNG.Tests.Test2@735b478]" name="projectDeclaration" is-config="true" duration-ms="24796" started-at="2017-02-25T15:46:36Z" finished-at="2017-02-25T15:47:01Z">
          <params>
            <param index="0">
              <value>
                <![CDATA[FireFox]]>
              </value>
            </param>
          </params>
          <reporter-output>
          </reporter-output>
        </test-method> <!-- projectDeclaration -->
        <test-method status="PASS" signature="testSteps(java.util.Map)[pri:0, instance:TestNGSelenium.SeleniumTestNG.Tests.Test2@735b478]" name="testSteps" duration-ms="9962" started-at="2017-02-25T15:47:01Z" data-provider="GetExcelInputs" finished-at="2017-02-25T15:47:11Z">
          <params>
            <param index="0">
              <value>
                <![CDATA[{LoginId=madhuratest@gmail.com, SearchCategory=Test2, Quantity=Test2, Tags =Test2, Password=passw0rd, Browser=IE;FF;CE}]]>
              </value>
            </param>
          </params>
          <reporter-output>
          </reporter-output>
        </test-method> <!-- testSteps -->
        <test-method status="PASS" signature="tearDown(org.testng.ITestResult)[pri:0, instance:TestNGSelenium.SeleniumTestNG.Tests.Test2@735b478]" name="tearDown" is-config="true" duration-ms="2353" started-at="2017-02-25T15:47:11Z" finished-at="2017-02-25T15:47:13Z">
          <params>
            <param index="0">
              <value>
                <![CDATA[[TestResult name=testSteps status=SUCCESS method=Test2.testSteps(java.util.Map)[pri:0, instance:TestNGSelenium.SeleniumTestNG.Tests.Test2@735b478] output={null}]]]>
              </value>
            </param>
          </params>
          <reporter-output>
          </reporter-output>
        </test-method> <!-- tearDown -->
      </class> <!-- TestNGSelenium.SeleniumTestNG.Tests.Test2 -->
      <class name="TestNGSelenium.SeleniumTestNG.Tests.Test1">
        <test-method status="PASS" signature="projectDeclaration(java.lang.String)[pri:0, instance:TestNGSelenium.SeleniumTestNG.Tests.Test1@234bef66]" name="projectDeclaration" is-config="true" duration-ms="10128" started-at="2017-02-25T15:48:31Z" finished-at="2017-02-25T15:48:41Z">
          <params>
            <param index="0">
              <value>
                <![CDATA[FireFox]]>
              </value>
            </param>
          </params>
          <reporter-output>
          </reporter-output>
        </test-method> <!-- projectDeclaration -->
        <test-method status="PASS" signature="testSteps(java.util.Map)[pri:0, instance:TestNGSelenium.SeleniumTestNG.Tests.Test1@234bef66]" name="testSteps" duration-ms="7273" started-at="2017-02-25T15:48:41Z" data-provider="GetExcelInputs" finished-at="2017-02-25T15:48:48Z">
          <params>
            <param index="0">
              <value>
                <![CDATA[{LoginId=prithvitest@gmail.com, SearchCategory=Test1, Quantity=Test1, Tags =Test1, Password=passw0rd, Browser=IE;FF}]]>
              </value>
            </param>
          </params>
          <reporter-output>
          </reporter-output>
        </test-method> <!-- testSteps -->
        <test-method status="PASS" signature="tearDown(org.testng.ITestResult)[pri:0, instance:TestNGSelenium.SeleniumTestNG.Tests.Test1@234bef66]" name="tearDown" is-config="true" duration-ms="1505" started-at="2017-02-25T15:48:48Z" finished-at="2017-02-25T15:48:49Z">
          <params>
            <param index="0">
              <value>
                <![CDATA[[TestResult name=testSteps status=SUCCESS method=Test1.testSteps(java.util.Map)[pri:0, instance:TestNGSelenium.SeleniumTestNG.Tests.Test1@234bef66] output={null}]]]>
              </value>
            </param>
          </params>
          <reporter-output>
          </reporter-output>
        </test-method> <!-- tearDown -->
      </class> <!-- TestNGSelenium.SeleniumTestNG.Tests.Test1 -->
      <class name="TestNGSelenium.SeleniumTestNG.Tests.TestNG_Grouping">
        <test-method status="PASS" signature="BeforeTest()[pri:0, instance:TestNGSelenium.SeleniumTestNG.Tests.TestNG_Grouping@2c9f9fb0]" name="BeforeTest" is-config="true" duration-ms="0" started-at="2017-02-25T15:46:36Z" finished-at="2017-02-25T15:46:36Z">
          <reporter-output>
          </reporter-output>
        </test-method> <!-- BeforeTest -->
        <test-method status="PASS" signature="beforeClass()[pri:0, instance:TestNGSelenium.SeleniumTestNG.Tests.TestNG_Grouping@2c9f9fb0]" name="beforeClass" is-config="true" duration-ms="1" started-at="2017-02-25T15:46:36Z" finished-at="2017-02-25T15:46:36Z">
          <reporter-output>
          </reporter-output>
        </test-method> <!-- beforeClass -->
        <test-method status="PASS" signature="BeforeGroups()[pri:0, instance:TestNGSelenium.SeleniumTestNG.Tests.TestNG_Grouping@2c9f9fb0]" name="BeforeGroups" is-config="true" duration-ms="1" started-at="2017-02-25T15:46:36Z" finished-at="2017-02-25T15:46:36Z">
          <reporter-output>
          </reporter-output>
        </test-method> <!-- BeforeGroups -->
        <test-method status="PASS" signature="AudiA6()[pri:0, instance:TestNGSelenium.SeleniumTestNG.Tests.TestNG_Grouping@2c9f9fb0]" name="AudiA6" duration-ms="2" started-at="2017-02-25T15:46:36Z" finished-at="2017-02-25T15:46:36Z">
          <reporter-output>
            <line>
              <![CDATA[Reporting from Audi A6 class]]>
            </line>
          </reporter-output>
        </test-method> <!-- AudiA6 -->
        <test-method status="PASS" signature="beforeMethod()[pri:0, instance:TestNGSelenium.SeleniumTestNG.Tests.TestNG_Grouping@2c9f9fb0]" name="beforeMethod" is-config="true" duration-ms="0" started-at="2017-02-25T15:46:36Z" finished-at="2017-02-25T15:46:36Z">
          <reporter-output>
          </reporter-output>
        </test-method> <!-- beforeMethod -->
        <test-method status="PASS" signature="afterMethod()[pri:0, instance:TestNGSelenium.SeleniumTestNG.Tests.TestNG_Grouping@2c9f9fb0]" name="afterMethod" is-config="true" duration-ms="0" started-at="2017-02-25T15:46:36Z" finished-at="2017-02-25T15:46:36Z">
          <reporter-output>
          </reporter-output>
        </test-method> <!-- afterMethod -->
        <test-method status="PASS" signature="AfterGroups()[pri:0, instance:TestNGSelenium.SeleniumTestNG.Tests.TestNG_Grouping@2c9f9fb0]" name="AfterGroups" is-config="true" duration-ms="0" started-at="2017-02-25T15:46:36Z" finished-at="2017-02-25T15:46:36Z">
          <reporter-output>
          </reporter-output>
        </test-method> <!-- AfterGroups -->
        <test-method status="PASS" signature="BeforeGroups()[pri:0, instance:TestNGSelenium.SeleniumTestNG.Tests.TestNG_Grouping@2c9f9fb0]" name="BeforeGroups" is-config="true" duration-ms="3" started-at="2017-02-25T15:46:36Z" finished-at="2017-02-25T15:46:36Z">
          <reporter-output>
          </reporter-output>
        </test-method> <!-- BeforeGroups -->
        <test-method status="PASS" signature="beforeMethod()[pri:0, instance:TestNGSelenium.SeleniumTestNG.Tests.TestNG_Grouping@2c9f9fb0]" name="beforeMethod" is-config="true" duration-ms="1" started-at="2017-02-25T15:46:36Z" finished-at="2017-02-25T15:46:36Z">
          <reporter-output>
          </reporter-output>
        </test-method> <!-- beforeMethod -->
        <test-method status="FAIL" signature="BMW3Series()[pri:0, instance:TestNGSelenium.SeleniumTestNG.Tests.TestNG_Grouping@2c9f9fb0]" name="BMW3Series" duration-ms="7" started-at="2017-02-25T15:46:36Z" finished-at="2017-02-25T15:46:36Z">
          <exception class="junit.framework.AssertionFailedError">
            <message>
              <![CDATA[expected:<true> but was:<false>]]>
            </message>
            <full-stacktrace>
              <![CDATA[junit.framework.AssertionFailedError: expected:<true> but was:<false>
	at junit.framework.Assert.fail(Assert.java:57)
	at junit.framework.Assert.failNotEquals(Assert.java:329)
	at junit.framework.Assert.assertEquals(Assert.java:78)
	at junit.framework.Assert.assertEquals(Assert.java:174)
	at junit.framework.Assert.assertEquals(Assert.java:181)
	at TestNGSelenium.SeleniumTestNG.Tests.TestNG_Grouping.BMW3Series(TestNG_Grouping.java:34)
	at sun.reflect.NativeMethodAccessorImpl.invoke0(Native Method)
	at sun.reflect.NativeMethodAccessorImpl.invoke(NativeMethodAccessorImpl.java:62)
	at sun.reflect.DelegatingMethodAccessorImpl.invoke(DelegatingMethodAccessorImpl.java:43)
	at java.lang.reflect.Method.invoke(Method.java:497)
	at org.testng.internal.MethodInvocationHelper.invokeMethod(MethodInvocationHelper.java:85)
	at org.testng.internal.Invoker.invokeMethod(Invoker.java:639)
	at org.testng.internal.Invoker.invokeTestMethod(Invoker.java:816)
	at org.testng.internal.Invoker.invokeTestMethods(Invoker.java:1124)
	at org.testng.internal.TestMethodWorker.invokeTestMethods(TestMethodWorker.java:125)
	at org.testng.internal.TestMethodWorker.run(TestMethodWorker.java:108)
	at org.testng.TestRunner.privateRun(TestRunner.java:774)
	at org.testng.TestRunner.run(TestRunner.java:624)
	at org.testng.SuiteRunner.runTest(SuiteRunner.java:359)
	at org.testng.SuiteRunner.access$000(SuiteRunner.java:39)
	at org.testng.SuiteRunner$SuiteWorker.run(SuiteRunner.java:393)
	at org.testng.internal.thread.ThreadUtil$2.call(ThreadUtil.java:64)
	at java.util.concurrent.FutureTask.run(FutureTask.java:266)
	at java.util.concurrent.ThreadPoolExecutor.runWorker(ThreadPoolExecutor.java:1142)
	at java.util.concurrent.ThreadPoolExecutor$Worker.run(ThreadPoolExecutor.java:617)
	at java.lang.Thread.run(Thread.java:745)
]]>
            </full-stacktrace>
          </exception> <!-- junit.framework.AssertionFailedError -->
          <reporter-output>
          </reporter-output>
        </test-method> <!-- BMW3Series -->
        <test-method status="PASS" signature="afterMethod()[pri:0, instance:TestNGSelenium.SeleniumTestNG.Tests.TestNG_Grouping@2c9f9fb0]" name="afterMethod" is-config="true" duration-ms="0" started-at="2017-02-25T15:46:36Z" finished-at="2017-02-25T15:46:36Z">
          <reporter-output>
          </reporter-output>
        </test-method> <!-- afterMethod -->
        <test-method status="PASS" signature="beforeMethod()[pri:0, instance:TestNGSelenium.SeleniumTestNG.Tests.TestNG_Grouping@2c9f9fb0]" name="beforeMethod" is-config="true" duration-ms="0" started-at="2017-02-25T15:46:36Z" finished-at="2017-02-25T15:46:36Z">
          <reporter-output>
          </reporter-output>
        </test-method> <!-- beforeMethod -->
        <test-method status="PASS" signature="BMWX3()[pri:0, instance:TestNGSelenium.SeleniumTestNG.Tests.TestNG_Grouping@2c9f9fb0]" name="BMWX3" duration-ms="1" started-at="2017-02-25T15:46:36Z" finished-at="2017-02-25T15:46:36Z">
          <reporter-output>
            <line>
              <![CDATA[Reporting from BMW class]]>
            </line>
          </reporter-output>
        </test-method> <!-- BMWX3 -->
        <test-method status="PASS" signature="afterMethod()[pri:0, instance:TestNGSelenium.SeleniumTestNG.Tests.TestNG_Grouping@2c9f9fb0]" name="afterMethod" is-config="true" duration-ms="0" started-at="2017-02-25T15:46:36Z" finished-at="2017-02-25T15:46:36Z">
          <reporter-output>
          </reporter-output>
        </test-method> <!-- afterMethod -->
        <test-method status="PASS" signature="beforeMethod()[pri:0, instance:TestNGSelenium.SeleniumTestNG.Tests.TestNG_Grouping@2c9f9fb0]" name="beforeMethod" is-config="true" duration-ms="1" started-at="2017-02-25T15:46:36Z" finished-at="2017-02-25T15:46:36Z">
          <reporter-output>
          </reporter-output>
        </test-method> <!-- beforeMethod -->
        <test-method status="PASS" signature="HondaAccord()[pri:0, instance:TestNGSelenium.SeleniumTestNG.Tests.TestNG_Grouping@2c9f9fb0]" name="HondaAccord" duration-ms="1" started-at="2017-02-25T15:46:36Z" finished-at="2017-02-25T15:46:36Z">
          <reporter-output>
            <line>
              <![CDATA[Reporting from Honda class]]>
            </line>
          </reporter-output>
        </test-method> <!-- HondaAccord -->
        <test-method status="PASS" signature="afterMethod()[pri:0, instance:TestNGSelenium.SeleniumTestNG.Tests.TestNG_Grouping@2c9f9fb0]" name="afterMethod" is-config="true" duration-ms="1" started-at="2017-02-25T15:46:36Z" finished-at="2017-02-25T15:46:36Z">
          <reporter-output>
          </reporter-output>
        </test-method> <!-- afterMethod -->
        <test-method status="PASS" signature="afterClass()[pri:0, instance:TestNGSelenium.SeleniumTestNG.Tests.TestNG_Grouping@2c9f9fb0]" name="afterClass" is-config="true" duration-ms="0" started-at="2017-02-25T15:46:36Z" finished-at="2017-02-25T15:46:36Z">
          <reporter-output>
          </reporter-output>
        </test-method> <!-- afterClass -->
        <test-method status="PASS" signature="afterTest()[pri:0, instance:TestNGSelenium.SeleniumTestNG.Tests.TestNG_Grouping@2c9f9fb0]" name="afterTest" is-config="true" duration-ms="1" started-at="2017-02-25T15:48:49Z" finished-at="2017-02-25T15:48:49Z">
          <reporter-output>
          </reporter-output>
        </test-method> <!-- afterTest -->
      </class> <!-- TestNGSelenium.SeleniumTestNG.Tests.TestNG_Grouping -->
      <class name="TestNGSelenium.SeleniumTestNG.Tests.Test5">
        <test-method status="PASS" signature="projectDeclaration(java.lang.String)[pri:0, instance:TestNGSelenium.SeleniumTestNG.Tests.Test5@9f70c54]" name="projectDeclaration" is-config="true" duration-ms="12636" started-at="2017-02-25T15:47:39Z" finished-at="2017-02-25T15:47:52Z">
          <params>
            <param index="0">
              <value>
                <![CDATA[FireFox]]>
              </value>
            </param>
          </params>
          <reporter-output>
          </reporter-output>
        </test-method> <!-- projectDeclaration -->
        <test-method status="FAIL" signature="testSteps(java.util.Map)[pri:0, instance:TestNGSelenium.SeleniumTestNG.Tests.Test5@9f70c54]" name="testSteps" duration-ms="36967" started-at="2017-02-25T15:47:52Z" data-provider="GetExcelInputs" finished-at="2017-02-25T15:48:29Z">
          <params>
            <param index="0">
              <value>
                <![CDATA[{LoginId=madhuratest@gmail.com, SearchCategory=Test2, Quantity=Test2, Tags =Test2, Password=passw0rd, Browser=IE;FF;CE}]]>
              </value>
            </param>
          </params>
          <exception class="org.openqa.selenium.NoSuchElementException">
            <message>
              <![CDATA[Unable to locate element: //a[@class='accoun']
For documentation on this error, please visit: http://seleniumhq.org/exceptions/no_such_element.html
Build info: version: '3.0.1', revision: '1969d75', time: '2016-10-18 09:49:13 -0700'
System info: host: 'Vayuputhra', ip: '192.168.105.2', os.name: 'Windows 8', os.arch: 'amd64', os.version: '6.2', java.version: '1.8.0_65'
Driver info: org.openqa.selenium.firefox.FirefoxDriver
Capabilities [{rotatable=false, raisesAccessibilityExceptions=false, marionette=true, firefoxOptions={args=[], prefs={}}, appBuildId=20170125094131, version=, platform=XP, proxy={}, command_id=1, specificationLevel=0, acceptSslCerts=false, processId=9676, browserVersion=51.0.1, platformVersion=6.2, XULappId={ec8030f7-c20a-464f-9b0e-13a3a9e97384}, browserName=firefox, takesScreenshot=true, takesElementScreenshot=true, platformName=windows_nt}]
Session ID: c9c0a831-9c76-46e4-b712-6af56fde05f2
*** Element info: {Using=xpath, value=//a[@class='accoun']}]]>
            </message>
            <full-stacktrace>
              <![CDATA[org.openqa.selenium.NoSuchElementException: Unable to locate element: //a[@class='accoun']
For documentation on this error, please visit: http://seleniumhq.org/exceptions/no_such_element.html
Build info: version: '3.0.1', revision: '1969d75', time: '2016-10-18 09:49:13 -0700'
System info: host: 'Vayuputhra', ip: '192.168.105.2', os.name: 'Windows 8', os.arch: 'amd64', os.version: '6.2', java.version: '1.8.0_65'
Driver info: org.openqa.selenium.firefox.FirefoxDriver
Capabilities [{rotatable=false, raisesAccessibilityExceptions=false, marionette=true, firefoxOptions={args=[], prefs={}}, appBuildId=20170125094131, version=, platform=XP, proxy={}, command_id=1, specificationLevel=0, acceptSslCerts=false, processId=9676, browserVersion=51.0.1, platformVersion=6.2, XULappId={ec8030f7-c20a-464f-9b0e-13a3a9e97384}, browserName=firefox, takesScreenshot=true, takesElementScreenshot=true, platformName=windows_nt}]
Session ID: c9c0a831-9c76-46e4-b712-6af56fde05f2
*** Element info: {Using=xpath, value=//a[@class='accoun']}
	at sun.reflect.NativeConstructorAccessorImpl.newInstance0(Native Method)
	at sun.reflect.NativeConstructorAccessorImpl.newInstance(NativeConstructorAccessorImpl.java:62)
	at sun.reflect.DelegatingConstructorAccessorImpl.newInstance(DelegatingConstructorAccessorImpl.java:45)
	at java.lang.reflect.Constructor.newInstance(Constructor.java:422)
	at org.openqa.selenium.remote.http.W3CHttpResponseCodec.createException(W3CHttpResponseCodec.java:127)
	at org.openqa.selenium.remote.http.W3CHttpResponseCodec.decode(W3CHttpResponseCodec.java:93)
	at org.openqa.selenium.remote.http.W3CHttpResponseCodec.decode(W3CHttpResponseCodec.java:42)
	at org.openqa.selenium.remote.HttpCommandExecutor.execute(HttpCommandExecutor.java:163)
	at org.openqa.selenium.remote.service.DriverCommandExecutor.execute(DriverCommandExecutor.java:82)
	at org.openqa.selenium.remote.RemoteWebDriver.execute(RemoteWebDriver.java:601)
	at org.openqa.selenium.remote.RemoteWebDriver.findElement(RemoteWebDriver.java:368)
	at org.openqa.selenium.remote.RemoteWebDriver.findElementByXPath(RemoteWebDriver.java:473)
	at org.openqa.selenium.By$ByXPath.findElement(By.java:361)
	at org.openqa.selenium.remote.RemoteWebDriver.findElement(RemoteWebDriver.java:360)
	at TestNGSelenium.SeleniumTestNG.Tests.Test5.testSteps(Test5.java:38)
	at sun.reflect.NativeMethodAccessorImpl.invoke0(Native Method)
	at sun.reflect.NativeMethodAccessorImpl.invoke(NativeMethodAccessorImpl.java:62)
	at sun.reflect.DelegatingMethodAccessorImpl.invoke(DelegatingMethodAccessorImpl.java:43)
	at java.lang.reflect.Method.invoke(Method.java:497)
	at org.testng.internal.MethodInvocationHelper.invokeMethod(MethodInvocationHelper.java:85)
	at org.testng.internal.Invoker.invokeMethod(Invoker.java:639)
	at org.testng.internal.Invoker.invokeTestMethod(Invoker.java:816)
	at org.testng.internal.Invoker.invokeTestMethods(Invoker.java:1124)
	at org.testng.internal.TestMethodWorker.invokeTestMethods(TestMethodWorker.java:125)
	at org.testng.internal.TestMethodWorker.run(TestMethodWorker.java:108)
	at org.testng.TestRunner.privateRun(TestRunner.java:774)
	at org.testng.TestRunner.run(TestRunner.java:624)
	at org.testng.SuiteRunner.runTest(SuiteRunner.java:359)
	at org.testng.SuiteRunner.access$000(SuiteRunner.java:39)
	at org.testng.SuiteRunner$SuiteWorker.run(SuiteRunner.java:393)
	at org.testng.internal.thread.ThreadUtil$2.call(ThreadUtil.java:64)
	at java.util.concurrent.FutureTask.run(FutureTask.java:266)
	at java.util.concurrent.ThreadPoolExecutor.runWorker(ThreadPoolExecutor.java:1142)
	at java.util.concurrent.ThreadPoolExecutor$Worker.run(ThreadPoolExecutor.java:617)
	at java.lang.Thread.run(Thread.java:745)
]]>
            </full-stacktrace>
          </exception> <!-- org.openqa.selenium.NoSuchElementException -->
          <reporter-output>
          </reporter-output>
        </test-method> <!-- testSteps -->
        <test-method status="PASS" signature="tearDown(org.testng.ITestResult)[pri:0, instance:TestNGSelenium.SeleniumTestNG.Tests.Test5@9f70c54]" name="tearDown" is-config="true" duration-ms="1851" started-at="2017-02-25T15:48:29Z" finished-at="2017-02-25T15:48:31Z">
          <params>
            <param index="0">
              <value>
                <![CDATA[[TestResult name=testSteps status=FAILURE method=Test5.testSteps(java.util.Map)[pri:0, instance:TestNGSelenium.SeleniumTestNG.Tests.Test5@9f70c54] output={null}]]]>
              </value>
            </param>
          </params>
          <reporter-output>
          </reporter-output>
        </test-method> <!-- tearDown -->
      </class> <!-- TestNGSelenium.SeleniumTestNG.Tests.Test5 -->
      <class name="TestNGSelenium.SeleniumTestNG.Tests.Test4">
        <test-method status="PASS" signature="projectDeclaration(java.lang.String)[pri:0, instance:TestNGSelenium.SeleniumTestNG.Tests.Test4@2096442d]" name="projectDeclaration" is-config="true" duration-ms="13434" started-at="2017-02-25T15:47:13Z" finished-at="2017-02-25T15:47:26Z">
          <params>
            <param index="0">
              <value>
                <![CDATA[FireFox]]>
              </value>
            </param>
          </params>
          <reporter-output>
          </reporter-output>
        </test-method> <!-- projectDeclaration -->
        <test-method status="PASS" signature="testSteps(java.util.Map)[pri:0, instance:TestNGSelenium.SeleniumTestNG.Tests.Test4@2096442d]" name="testSteps" duration-ms="10692" started-at="2017-02-25T15:47:26Z" data-provider="GetExcelInputs" finished-at="2017-02-25T15:47:37Z">
          <params>
            <param index="0">
              <value>
                <![CDATA[{LoginId=madhuratest@gmail.com, SearchCategory=Test2, Quantity=Test2, Tags =Test2, Password=passw0rd, Browser=IE;FF;CE}]]>
              </value>
            </param>
          </params>
          <reporter-output>
          </reporter-output>
        </test-method> <!-- testSteps -->
        <test-method status="PASS" signature="tearDown(org.testng.ITestResult)[pri:0, instance:TestNGSelenium.SeleniumTestNG.Tests.Test4@2096442d]" name="tearDown" is-config="true" duration-ms="2090" started-at="2017-02-25T15:47:37Z" finished-at="2017-02-25T15:47:39Z">
          <params>
            <param index="0">
              <value>
                <![CDATA[[TestResult name=testSteps status=SUCCESS method=Test4.testSteps(java.util.Map)[pri:0, instance:TestNGSelenium.SeleniumTestNG.Tests.Test4@2096442d] output={null}]]]>
              </value>
            </param>
          </params>
          <reporter-output>
          </reporter-output>
        </test-method> <!-- tearDown -->
      </class> <!-- TestNGSelenium.SeleniumTestNG.Tests.Test4 -->
    </test> <!-- Test1 -->
  </suite> <!-- Suite -->
</testng-results>
